2024-07-20 00:56:37,643 ERROR org.springframework.boot.SpringApplication [restartedMain] Application run failed
java.lang.IllegalStateException: java.lang.IllegalStateException: Logback configuration error detected: 
ERROR in ch.qos.logback.core.db.DriverManagerConnectionSource@1d057a39 - Could not load JDBC driver class: org.mariadb.jdbc.Driver java.lang.ClassNotFoundException: org.mariadb.jdbc.Driver
ERROR in ch.qos.logback.core.joran.spi.Interpreter@42:16 - RuntimeException in Action for tag [appender] java.lang.IllegalStateException: DBAppender cannot function if the JDBC driver does not support getGeneratedKeys method *and* without a specific SQL dialect
ERROR in ch.qos.logback.core.db.DriverManagerConnectionSource@23ec6511 - Could not load JDBC driver class: org.mariadb.jdbc.Driver java.lang.ClassNotFoundException: org.mariadb.jdbc.Driver
ERROR in ch.qos.logback.core.joran.spi.Interpreter@42:16 - RuntimeException in Action for tag [appender] java.lang.IllegalStateException: DBAppender cannot function if the JDBC driver does not support getGeneratedKeys method *and* without a specific SQL dialect
	at org.springframework.boot.context.logging.LoggingApplicationListener.initializeSystem(LoggingApplicationListener.java:344)
	at org.springframework.boot.context.logging.LoggingApplicationListener.initialize(LoggingApplicationListener.java:298)
	at org.springframework.boot.context.logging.LoggingApplicationListener.onApplicationEnvironmentPreparedEvent(LoggingApplicationListener.java:246)
	at org.springframework.boot.context.logging.LoggingApplicationListener.onApplicationEvent(LoggingApplicationListener.java:223)
	at org.springframework.context.event.SimpleApplicationEventMulticaster.doInvokeListener(SimpleApplicationEventMulticaster.java:178)
	at org.springframework.context.event.SimpleApplicationEventMulticaster.invokeListener(SimpleApplicationEventMulticaster.java:171)
	at org.springframework.context.event.SimpleApplicationEventMulticaster.multicastEvent(SimpleApplicationEventMulticaster.java:145)
	at org.springframework.context.event.SimpleApplicationEventMulticaster.multicastEvent(SimpleApplicationEventMulticaster.java:133)
	at org.springframework.boot.context.event.EventPublishingRunListener.environmentPrepared(EventPublishingRunListener.java:85)
	at org.springframework.boot.SpringApplicationRunListeners.lambda$environmentPrepared$2(SpringApplicationRunListeners.java:66)
	at java.util.ArrayList.forEach(ArrayList.java:1259)
	at org.springframework.boot.SpringApplicationRunListeners.doWithListeners(SpringApplicationRunListeners.java:120)
	at org.springframework.boot.SpringApplicationRunListeners.doWithListeners(SpringApplicationRunListeners.java:114)
	at org.springframework.boot.SpringApplicationRunListeners.environmentPrepared(SpringApplicationRunListeners.java:65)
	at org.springframework.boot.SpringApplication.prepareEnvironment(SpringApplication.java:344)
	at org.springframework.boot.SpringApplication.run(SpringApplication.java:302)
	at org.springframework.boot.SpringApplication.run(SpringApplication.java:1300)
	at org.springframework.boot.SpringApplication.run(SpringApplication.java:1289)
	at com.roima.exammanagement.ExamManagementApplication.main(ExamManagementApplication.java:13)
	at sun.reflect.NativeMethodAccessorImpl.invoke0(Native Method)
	at sun.reflect.NativeMethodAccessorImpl.invoke(NativeMethodAccessorImpl.java:62)
	at sun.reflect.DelegatingMethodAccessorImpl.invoke(DelegatingMethodAccessorImpl.java:43)
	at java.lang.reflect.Method.invoke(Method.java:498)
	at org.springframework.boot.devtools.restart.RestartLauncher.run(RestartLauncher.java:50)
Caused by: java.lang.IllegalStateException: Logback configuration error detected: 
ERROR in ch.qos.logback.core.db.DriverManagerConnectionSource@1d057a39 - Could not load JDBC driver class: org.mariadb.jdbc.Driver java.lang.ClassNotFoundException: org.mariadb.jdbc.Driver
ERROR in ch.qos.logback.core.joran.spi.Interpreter@42:16 - RuntimeException in Action for tag [appender] java.lang.IllegalStateException: DBAppender cannot function if the JDBC driver does not support getGeneratedKeys method *and* without a specific SQL dialect
ERROR in ch.qos.logback.core.db.DriverManagerConnectionSource@23ec6511 - Could not load JDBC driver class: org.mariadb.jdbc.Driver java.lang.ClassNotFoundException: org.mariadb.jdbc.Driver
ERROR in ch.qos.logback.core.joran.spi.Interpreter@42:16 - RuntimeException in Action for tag [appender] java.lang.IllegalStateException: DBAppender cannot function if the JDBC driver does not support getGeneratedKeys method *and* without a specific SQL dialect
	at org.springframework.boot.logging.logback.LogbackLoggingSystem.reportConfigurationErrorsIfNecessary(LogbackLoggingSystem.java:189)
	at org.springframework.boot.logging.logback.LogbackLoggingSystem.loadConfiguration(LogbackLoggingSystem.java:170)
	at org.springframework.boot.logging.AbstractLoggingSystem.initializeWithConventions(AbstractLoggingSystem.java:80)
	at org.springframework.boot.logging.AbstractLoggingSystem.initialize(AbstractLoggingSystem.java:60)
	at org.springframework.boot.logging.logback.LogbackLoggingSystem.initialize(LogbackLoggingSystem.java:132)
	at org.springframework.boot.context.logging.LoggingApplicationListener.initializeSystem(LoggingApplicationListener.java:329)
	... 23 common frames omitted
	Suppressed: java.lang.ClassNotFoundException: org.mariadb.jdbc.Driver
		at java.net.URLClassLoader.findClass(URLClassLoader.java:387)
		at java.lang.ClassLoader.loadClass(ClassLoader.java:418)
		at sun.misc.Launcher$AppClassLoader.loadClass(Launcher.java:352)
		at java.lang.ClassLoader.loadClass(ClassLoader.java:351)
		at java.lang.Class.forName0(Native Method)
		at java.lang.Class.forName(Class.java:264)
		at ch.qos.logback.core.db.DriverManagerConnectionSource.start(DriverManagerConnectionSource.java:37)
		at ch.qos.logback.core.joran.action.NestedComplexPropertyIA.end(NestedComplexPropertyIA.java:161)
		at ch.qos.logback.core.joran.spi.Interpreter.callEndAction(Interpreter.java:309)
		at ch.qos.logback.core.joran.spi.Interpreter.endElement(Interpreter.java:193)
		at ch.qos.logback.core.joran.spi.Interpreter.endElement(Interpreter.java:179)
		at ch.qos.logback.core.joran.spi.EventPlayer.play(EventPlayer.java:62)
		at ch.qos.logback.core.joran.GenericConfigurator.doConfigure(GenericConfigurator.java:165)
		at ch.qos.logback.core.joran.GenericConfigurator.doConfigure(GenericConfigurator.java:152)
		at ch.qos.logback.core.joran.GenericConfigurator.doConfigure(GenericConfigurator.java:110)
		at ch.qos.logback.core.joran.GenericConfigurator.doConfigure(GenericConfigurator.java:53)
		at ch.qos.logback.classic.util.ContextInitializer.configureByResource(ContextInitializer.java:75)
		at ch.qos.logback.classic.util.ContextInitializer.autoConfig(ContextInitializer.java:150)
		at org.slf4j.impl.StaticLoggerBinder.init(StaticLoggerBinder.java:84)
		at org.slf4j.impl.StaticLoggerBinder.<clinit>(StaticLoggerBinder.java:55)
		at org.slf4j.LoggerFactory.bind(LoggerFactory.java:150)
		at org.slf4j.LoggerFactory.performInitialization(LoggerFactory.java:124)
		at org.slf4j.LoggerFactory.getILoggerFactory(LoggerFactory.java:412)
		at org.slf4j.LoggerFactory.getLogger(LoggerFactory.java:357)
		at org.apache.commons.logging.LogAdapter$Slf4jAdapter.createLocationAwareLog(LogAdapter.java:130)
		at org.apache.commons.logging.LogAdapter.createLog(LogAdapter.java:91)
		at org.apache.commons.logging.LogFactory.getLog(LogFactory.java:67)
		at org.apache.commons.logging.LogFactory.getLog(LogFactory.java:59)
		at org.springframework.boot.SpringApplication.<clinit>(SpringApplication.java:179)
		at com.roima.exammanagement.ExamManagementApplication.main(ExamManagementApplication.java:13)
	Suppressed: java.lang.IllegalStateException: DBAppender cannot function if the JDBC driver does not support getGeneratedKeys method *and* without a specific SQL dialect
		at ch.qos.logback.core.db.DBAppenderBase.start(DBAppenderBase.java:60)
		at ch.qos.logback.classic.db.DBAppender.start(DBAppender.java:92)
		at ch.qos.logback.core.joran.action.AppenderAction.end(AppenderAction.java:90)
		at ch.qos.logback.core.joran.spi.Interpreter.callEndAction(Interpreter.java:309)
		at ch.qos.logback.core.joran.spi.Interpreter.endElement(Interpreter.java:193)
		at ch.qos.logback.core.joran.spi.Interpreter.endElement(Interpreter.java:179)
		at ch.qos.logback.core.joran.spi.EventPlayer.play(EventPlayer.java:62)
		at ch.qos.logback.core.joran.GenericConfigurator.doConfigure(GenericConfigurator.java:165)
		at ch.qos.logback.core.joran.GenericConfigurator.doConfigure(GenericConfigurator.java:152)
		at ch.qos.logback.core.joran.GenericConfigurator.doConfigure(GenericConfigurator.java:110)
		at ch.qos.logback.core.joran.GenericConfigurator.doConfigure(GenericConfigurator.java:53)
		at ch.qos.logback.classic.util.ContextInitializer.configureByResource(ContextInitializer.java:75)
		at ch.qos.logback.classic.util.ContextInitializer.autoConfig(ContextInitializer.java:150)
		at org.slf4j.impl.StaticLoggerBinder.init(StaticLoggerBinder.java:84)
		at org.slf4j.impl.StaticLoggerBinder.<clinit>(StaticLoggerBinder.java:55)
		at org.slf4j.LoggerFactory.bind(LoggerFactory.java:150)
		at org.slf4j.LoggerFactory.performInitialization(LoggerFactory.java:124)
		at org.slf4j.LoggerFactory.getILoggerFactory(LoggerFactory.java:412)
		at org.slf4j.LoggerFactory.getLogger(LoggerFactory.java:357)
		at org.apache.commons.logging.LogAdapter$Slf4jAdapter.createLocationAwareLog(LogAdapter.java:130)
		at org.apache.commons.logging.LogAdapter.createLog(LogAdapter.java:91)
		at org.apache.commons.logging.LogFactory.getLog(LogFactory.java:67)
		at org.apache.commons.logging.LogFactory.getLog(LogFactory.java:59)
		at org.springframework.boot.SpringApplication.<clinit>(SpringApplication.java:179)
		at com.roima.exammanagement.ExamManagementApplication.main(ExamManagementApplication.java:13)
	Suppressed: java.lang.ClassNotFoundException: org.mariadb.jdbc.Driver
		at java.net.URLClassLoader.findClass(URLClassLoader.java:387)
		at java.lang.ClassLoader.loadClass(ClassLoader.java:418)
		at sun.misc.Launcher$AppClassLoader.loadClass(Launcher.java:352)
		at java.lang.ClassLoader.loadClass(ClassLoader.java:351)
		at java.lang.Class.forName0(Native Method)
		at java.lang.Class.forName(Class.java:264)
		at ch.qos.logback.core.db.DriverManagerConnectionSource.start(DriverManagerConnectionSource.java:37)
		at ch.qos.logback.core.joran.action.NestedComplexPropertyIA.end(NestedComplexPropertyIA.java:161)
		at ch.qos.logback.core.joran.spi.Interpreter.callEndAction(Interpreter.java:309)
		at ch.qos.logback.core.joran.spi.Interpreter.endElement(Interpreter.java:193)
		at ch.qos.logback.core.joran.spi.Interpreter.endElement(Interpreter.java:179)
		at ch.qos.logback.core.joran.spi.EventPlayer.play(EventPlayer.java:62)
		at ch.qos.logback.core.joran.GenericConfigurator.doConfigure(GenericConfigurator.java:165)
		at ch.qos.logback.core.joran.GenericConfigurator.doConfigure(GenericConfigurator.java:152)
		at ch.qos.logback.core.joran.GenericConfigurator.doConfigure(GenericConfigurator.java:110)
		at ch.qos.logback.core.joran.GenericConfigurator.doConfigure(GenericConfigurator.java:53)
		at org.springframework.boot.logging.logback.LogbackLoggingSystem.configureByResourceUrl(LogbackLoggingSystem.java:199)
		at org.springframework.boot.logging.logback.LogbackLoggingSystem.loadConfiguration(LogbackLoggingSystem.java:165)
		... 27 common frames omitted
	Suppressed: java.lang.IllegalStateException: DBAppender cannot function if the JDBC driver does not support getGeneratedKeys method *and* without a specific SQL dialect
		at ch.qos.logback.core.db.DBAppenderBase.start(DBAppenderBase.java:60)
		at ch.qos.logback.classic.db.DBAppender.start(DBAppender.java:92)
		at ch.qos.logback.core.joran.action.AppenderAction.end(AppenderAction.java:90)
		at ch.qos.logback.core.joran.spi.Interpreter.callEndAction(Interpreter.java:309)
		at ch.qos.logback.core.joran.spi.Interpreter.endElement(Interpreter.java:193)
		at ch.qos.logback.core.joran.spi.Interpreter.endElement(Interpreter.java:179)
		at ch.qos.logback.core.joran.spi.EventPlayer.play(EventPlayer.java:62)
		at ch.qos.logback.core.joran.GenericConfigurator.doConfigure(GenericConfigurator.java:165)
		at ch.qos.logback.core.joran.GenericConfigurator.doConfigure(GenericConfigurator.java:152)
		at ch.qos.logback.core.joran.GenericConfigurator.doConfigure(GenericConfigurator.java:110)
		at ch.qos.logback.core.joran.GenericConfigurator.doConfigure(GenericConfigurator.java:53)
		at org.springframework.boot.logging.logback.LogbackLoggingSystem.configureByResourceUrl(LogbackLoggingSystem.java:199)
		at org.springframework.boot.logging.logback.LogbackLoggingSystem.loadConfiguration(LogbackLoggingSystem.java:165)
		... 27 common frames omitted
2024-07-20 00:59:15,131 ERROR org.springframework.boot.SpringApplication [restartedMain] Application run failed
java.lang.IllegalStateException: java.lang.IllegalStateException: Logback configuration error detected: 
ERROR in ch.qos.logback.core.db.DriverManagerConnectionSource@1d057a39 - Could not load JDBC driver class: org.mariadb.jdbc.Driver java.lang.ClassNotFoundException: org.mariadb.jdbc.Driver
ERROR in ch.qos.logback.core.joran.spi.Interpreter@42:16 - RuntimeException in Action for tag [appender] java.lang.IllegalStateException: DBAppender cannot function if the JDBC driver does not support getGeneratedKeys method *and* without a specific SQL dialect
ERROR in ch.qos.logback.core.db.DriverManagerConnectionSource@39db5dcb - Could not load JDBC driver class: org.mariadb.jdbc.Driver java.lang.ClassNotFoundException: org.mariadb.jdbc.Driver
ERROR in ch.qos.logback.core.joran.spi.Interpreter@42:16 - RuntimeException in Action for tag [appender] java.lang.IllegalStateException: DBAppender cannot function if the JDBC driver does not support getGeneratedKeys method *and* without a specific SQL dialect
	at org.springframework.boot.context.logging.LoggingApplicationListener.initializeSystem(LoggingApplicationListener.java:344)
	at org.springframework.boot.context.logging.LoggingApplicationListener.initialize(LoggingApplicationListener.java:298)
	at org.springframework.boot.context.logging.LoggingApplicationListener.onApplicationEnvironmentPreparedEvent(LoggingApplicationListener.java:246)
	at org.springframework.boot.context.logging.LoggingApplicationListener.onApplicationEvent(LoggingApplicationListener.java:223)
	at org.springframework.context.event.SimpleApplicationEventMulticaster.doInvokeListener(SimpleApplicationEventMulticaster.java:178)
	at org.springframework.context.event.SimpleApplicationEventMulticaster.invokeListener(SimpleApplicationEventMulticaster.java:171)
	at org.springframework.context.event.SimpleApplicationEventMulticaster.multicastEvent(SimpleApplicationEventMulticaster.java:145)
	at org.springframework.context.event.SimpleApplicationEventMulticaster.multicastEvent(SimpleApplicationEventMulticaster.java:133)
	at org.springframework.boot.context.event.EventPublishingRunListener.environmentPrepared(EventPublishingRunListener.java:85)
	at org.springframework.boot.SpringApplicationRunListeners.lambda$environmentPrepared$2(SpringApplicationRunListeners.java:66)
	at java.util.ArrayList.forEach(ArrayList.java:1259)
	at org.springframework.boot.SpringApplicationRunListeners.doWithListeners(SpringApplicationRunListeners.java:120)
	at org.springframework.boot.SpringApplicationRunListeners.doWithListeners(SpringApplicationRunListeners.java:114)
	at org.springframework.boot.SpringApplicationRunListeners.environmentPrepared(SpringApplicationRunListeners.java:65)
	at org.springframework.boot.SpringApplication.prepareEnvironment(SpringApplication.java:344)
	at org.springframework.boot.SpringApplication.run(SpringApplication.java:302)
	at org.springframework.boot.SpringApplication.run(SpringApplication.java:1300)
	at org.springframework.boot.SpringApplication.run(SpringApplication.java:1289)
	at com.roima.exammanagement.ExamManagementApplication.main(ExamManagementApplication.java:13)
	at sun.reflect.NativeMethodAccessorImpl.invoke0(Native Method)
	at sun.reflect.NativeMethodAccessorImpl.invoke(NativeMethodAccessorImpl.java:62)
	at sun.reflect.DelegatingMethodAccessorImpl.invoke(DelegatingMethodAccessorImpl.java:43)
	at java.lang.reflect.Method.invoke(Method.java:498)
	at org.springframework.boot.devtools.restart.RestartLauncher.run(RestartLauncher.java:50)
Caused by: java.lang.IllegalStateException: Logback configuration error detected: 
ERROR in ch.qos.logback.core.db.DriverManagerConnectionSource@1d057a39 - Could not load JDBC driver class: org.mariadb.jdbc.Driver java.lang.ClassNotFoundException: org.mariadb.jdbc.Driver
ERROR in ch.qos.logback.core.joran.spi.Interpreter@42:16 - RuntimeException in Action for tag [appender] java.lang.IllegalStateException: DBAppender cannot function if the JDBC driver does not support getGeneratedKeys method *and* without a specific SQL dialect
ERROR in ch.qos.logback.core.db.DriverManagerConnectionSource@39db5dcb - Could not load JDBC driver class: org.mariadb.jdbc.Driver java.lang.ClassNotFoundException: org.mariadb.jdbc.Driver
ERROR in ch.qos.logback.core.joran.spi.Interpreter@42:16 - RuntimeException in Action for tag [appender] java.lang.IllegalStateException: DBAppender cannot function if the JDBC driver does not support getGeneratedKeys method *and* without a specific SQL dialect
	at org.springframework.boot.logging.logback.LogbackLoggingSystem.reportConfigurationErrorsIfNecessary(LogbackLoggingSystem.java:189)
	at org.springframework.boot.logging.logback.LogbackLoggingSystem.loadConfiguration(LogbackLoggingSystem.java:170)
	at org.springframework.boot.logging.AbstractLoggingSystem.initializeWithConventions(AbstractLoggingSystem.java:80)
	at org.springframework.boot.logging.AbstractLoggingSystem.initialize(AbstractLoggingSystem.java:60)
	at org.springframework.boot.logging.logback.LogbackLoggingSystem.initialize(LogbackLoggingSystem.java:132)
	at org.springframework.boot.context.logging.LoggingApplicationListener.initializeSystem(LoggingApplicationListener.java:329)
	... 23 common frames omitted
	Suppressed: java.lang.ClassNotFoundException: org.mariadb.jdbc.Driver
		at java.net.URLClassLoader.findClass(URLClassLoader.java:387)
		at java.lang.ClassLoader.loadClass(ClassLoader.java:418)
		at sun.misc.Launcher$AppClassLoader.loadClass(Launcher.java:352)
		at java.lang.ClassLoader.loadClass(ClassLoader.java:351)
		at java.lang.Class.forName0(Native Method)
		at java.lang.Class.forName(Class.java:264)
		at ch.qos.logback.core.db.DriverManagerConnectionSource.start(DriverManagerConnectionSource.java:37)
		at ch.qos.logback.core.joran.action.NestedComplexPropertyIA.end(NestedComplexPropertyIA.java:161)
		at ch.qos.logback.core.joran.spi.Interpreter.callEndAction(Interpreter.java:309)
		at ch.qos.logback.core.joran.spi.Interpreter.endElement(Interpreter.java:193)
		at ch.qos.logback.core.joran.spi.Interpreter.endElement(Interpreter.java:179)
		at ch.qos.logback.core.joran.spi.EventPlayer.play(EventPlayer.java:62)
		at ch.qos.logback.core.joran.GenericConfigurator.doConfigure(GenericConfigurator.java:165)
		at ch.qos.logback.core.joran.GenericConfigurator.doConfigure(GenericConfigurator.java:152)
		at ch.qos.logback.core.joran.GenericConfigurator.doConfigure(GenericConfigurator.java:110)
		at ch.qos.logback.core.joran.GenericConfigurator.doConfigure(GenericConfigurator.java:53)
		at ch.qos.logback.classic.util.ContextInitializer.configureByResource(ContextInitializer.java:75)
		at ch.qos.logback.classic.util.ContextInitializer.autoConfig(ContextInitializer.java:150)
		at org.slf4j.impl.StaticLoggerBinder.init(StaticLoggerBinder.java:84)
		at org.slf4j.impl.StaticLoggerBinder.<clinit>(StaticLoggerBinder.java:55)
		at org.slf4j.LoggerFactory.bind(LoggerFactory.java:150)
		at org.slf4j.LoggerFactory.performInitialization(LoggerFactory.java:124)
		at org.slf4j.LoggerFactory.getILoggerFactory(LoggerFactory.java:412)
		at org.slf4j.LoggerFactory.getLogger(LoggerFactory.java:357)
		at org.apache.commons.logging.LogAdapter$Slf4jAdapter.createLocationAwareLog(LogAdapter.java:130)
		at org.apache.commons.logging.LogAdapter.createLog(LogAdapter.java:91)
		at org.apache.commons.logging.LogFactory.getLog(LogFactory.java:67)
		at org.apache.commons.logging.LogFactory.getLog(LogFactory.java:59)
		at org.springframework.boot.SpringApplication.<clinit>(SpringApplication.java:179)
		at com.roima.exammanagement.ExamManagementApplication.main(ExamManagementApplication.java:13)
	Suppressed: java.lang.IllegalStateException: DBAppender cannot function if the JDBC driver does not support getGeneratedKeys method *and* without a specific SQL dialect
		at ch.qos.logback.core.db.DBAppenderBase.start(DBAppenderBase.java:60)
		at ch.qos.logback.classic.db.DBAppender.start(DBAppender.java:92)
		at ch.qos.logback.core.joran.action.AppenderAction.end(AppenderAction.java:90)
		at ch.qos.logback.core.joran.spi.Interpreter.callEndAction(Interpreter.java:309)
		at ch.qos.logback.core.joran.spi.Interpreter.endElement(Interpreter.java:193)
		at ch.qos.logback.core.joran.spi.Interpreter.endElement(Interpreter.java:179)
		at ch.qos.logback.core.joran.spi.EventPlayer.play(EventPlayer.java:62)
		at ch.qos.logback.core.joran.GenericConfigurator.doConfigure(GenericConfigurator.java:165)
		at ch.qos.logback.core.joran.GenericConfigurator.doConfigure(GenericConfigurator.java:152)
		at ch.qos.logback.core.joran.GenericConfigurator.doConfigure(GenericConfigurator.java:110)
		at ch.qos.logback.core.joran.GenericConfigurator.doConfigure(GenericConfigurator.java:53)
		at ch.qos.logback.classic.util.ContextInitializer.configureByResource(ContextInitializer.java:75)
		at ch.qos.logback.classic.util.ContextInitializer.autoConfig(ContextInitializer.java:150)
		at org.slf4j.impl.StaticLoggerBinder.init(StaticLoggerBinder.java:84)
		at org.slf4j.impl.StaticLoggerBinder.<clinit>(StaticLoggerBinder.java:55)
		at org.slf4j.LoggerFactory.bind(LoggerFactory.java:150)
		at org.slf4j.LoggerFactory.performInitialization(LoggerFactory.java:124)
		at org.slf4j.LoggerFactory.getILoggerFactory(LoggerFactory.java:412)
		at org.slf4j.LoggerFactory.getLogger(LoggerFactory.java:357)
		at org.apache.commons.logging.LogAdapter$Slf4jAdapter.createLocationAwareLog(LogAdapter.java:130)
		at org.apache.commons.logging.LogAdapter.createLog(LogAdapter.java:91)
		at org.apache.commons.logging.LogFactory.getLog(LogFactory.java:67)
		at org.apache.commons.logging.LogFactory.getLog(LogFactory.java:59)
		at org.springframework.boot.SpringApplication.<clinit>(SpringApplication.java:179)
		at com.roima.exammanagement.ExamManagementApplication.main(ExamManagementApplication.java:13)
	Suppressed: java.lang.ClassNotFoundException: org.mariadb.jdbc.Driver
		at java.net.URLClassLoader.findClass(URLClassLoader.java:387)
		at java.lang.ClassLoader.loadClass(ClassLoader.java:418)
		at sun.misc.Launcher$AppClassLoader.loadClass(Launcher.java:352)
		at java.lang.ClassLoader.loadClass(ClassLoader.java:351)
		at java.lang.Class.forName0(Native Method)
		at java.lang.Class.forName(Class.java:264)
		at ch.qos.logback.core.db.DriverManagerConnectionSource.start(DriverManagerConnectionSource.java:37)
		at ch.qos.logback.core.joran.action.NestedComplexPropertyIA.end(NestedComplexPropertyIA.java:161)
		at ch.qos.logback.core.joran.spi.Interpreter.callEndAction(Interpreter.java:309)
		at ch.qos.logback.core.joran.spi.Interpreter.endElement(Interpreter.java:193)
		at ch.qos.logback.core.joran.spi.Interpreter.endElement(Interpreter.java:179)
		at ch.qos.logback.core.joran.spi.EventPlayer.play(EventPlayer.java:62)
		at ch.qos.logback.core.joran.GenericConfigurator.doConfigure(GenericConfigurator.java:165)
		at ch.qos.logback.core.joran.GenericConfigurator.doConfigure(GenericConfigurator.java:152)
		at ch.qos.logback.core.joran.GenericConfigurator.doConfigure(GenericConfigurator.java:110)
		at ch.qos.logback.core.joran.GenericConfigurator.doConfigure(GenericConfigurator.java:53)
		at org.springframework.boot.logging.logback.LogbackLoggingSystem.configureByResourceUrl(LogbackLoggingSystem.java:199)
		at org.springframework.boot.logging.logback.LogbackLoggingSystem.loadConfiguration(LogbackLoggingSystem.java:165)
		... 27 common frames omitted
	Suppressed: java.lang.IllegalStateException: DBAppender cannot function if the JDBC driver does not support getGeneratedKeys method *and* without a specific SQL dialect
		at ch.qos.logback.core.db.DBAppenderBase.start(DBAppenderBase.java:60)
		at ch.qos.logback.classic.db.DBAppender.start(DBAppender.java:92)
		at ch.qos.logback.core.joran.action.AppenderAction.end(AppenderAction.java:90)
		at ch.qos.logback.core.joran.spi.Interpreter.callEndAction(Interpreter.java:309)
		at ch.qos.logback.core.joran.spi.Interpreter.endElement(Interpreter.java:193)
		at ch.qos.logback.core.joran.spi.Interpreter.endElement(Interpreter.java:179)
		at ch.qos.logback.core.joran.spi.EventPlayer.play(EventPlayer.java:62)
		at ch.qos.logback.core.joran.GenericConfigurator.doConfigure(GenericConfigurator.java:165)
		at ch.qos.logback.core.joran.GenericConfigurator.doConfigure(GenericConfigurator.java:152)
		at ch.qos.logback.core.joran.GenericConfigurator.doConfigure(GenericConfigurator.java:110)
		at ch.qos.logback.core.joran.GenericConfigurator.doConfigure(GenericConfigurator.java:53)
		at org.springframework.boot.logging.logback.LogbackLoggingSystem.configureByResourceUrl(LogbackLoggingSystem.java:199)
		at org.springframework.boot.logging.logback.LogbackLoggingSystem.loadConfiguration(LogbackLoggingSystem.java:165)
		... 27 common frames omitted
